make all --print-data-base --no-builtin-variables --no-builtin-rules --question
# GNU Make 4.2.1
# Built for x86_64-pc-linux-gnu
# Copyright (C) 1988-2016 Free Software Foundation, Inc.
# License GPLv3+: GNU GPL version 3 or later <http://gnu.org/licenses/gpl.html>
# This is free software: you are free to change and redistribute it.
# There is NO WARRANTY, to the extent permitted by law.

# Make data base, printed on Fri May 13 15:17:07 2022

# Variables

# automatic
<D = $(patsubst %/,%,$(dir $<))
# automatic
?F = $(notdir $?)
# environment
DESKTOP_SESSION = mate
# environment
OPAM_SWITCH_PREFIX = /usr/local/insa/shared/opam/default
# default
.SHELLFLAGS := -c
# environment
OCAML_TOPLEVEL_PATH = /usr/local/insa/shared/opam/default/lib/toplevel
# environment
XDG_SESSION_CLASS = user
# environment
XDG_SESSION_TYPE = x11
# environment
VSCODE_LOG_NATIVE = false
# automatic
?D = $(patsubst %/,%,$(dir $?))
# automatic
@D = $(patsubst %/,%,$(dir $@))
# environment
XAUTHORITY = /home/imbergam/.Xauthority
# environment
GDMSESSION = mate
# environment
XMODIFIERS = @im=ibus
# makefile
CURDIR := /home/imbergam/Bureau/3A/Secu
# makefile
SHELL = /bin/sh
# environment
VSCODE_NLS_CONFIG = {"locale":"fr","availableLanguages":{"*":"fr"},"_languagePackId":"25fe6a3290ec415596628d4afc87a88c.fr","_translationsConfigFile":"/home/imbergam/.config/Code/clp/25fe6a3290ec415596628d4afc87a88c.fr/tcf.json","_cacheRoot":"/home/imbergam/.config/Code/clp/25fe6a3290ec415596628d4afc87a88c.fr","_resolvedLanguagePackCoreLocation":"/home/imbergam/.config/Code/clp/25fe6a3290ec415596628d4afc87a88c.fr/da15b6fd3ef856477bf6f4fb29ba1b7af717770d","_corruptedFile":"/home/imbergam/.config/Code/clp/25fe6a3290ec415596628d4afc87a88c.fr/corrupted.info","_languagePackSupport":true}
# environment
_ = /usr/share/code/code
# environment
QT_AUTO_SCREEN_SCALE_FACTOR = 0
# environment
XDG_CONFIG_DIRS = /etc/xdg/xdg-mate:/etc/xdg
# environment
GTK_OVERLAY_SCROLLING = 0
# makefile
MAKEFILE_LIST := 
# automatic
@F = $(notdir $@)
# environment
GIO_LAUNCHED_DESKTOP_FILE = /usr/share/applications/code.desktop
# 'override' directive
GNUMAKEFLAGS := 
# environment
XDG_DATA_DIRS = /usr/share/mate:/usr/share/mate:/usr/local/share:/usr/share:/var/lib/snapd/desktop
# environment
DBUS_SESSION_BUS_ADDRESS = unix:path=/run/user/25012/bus
# environment
VSCODE_VERBOSE_LOGGING = true
# environment
QT_SCALE_FACTOR = 1
# environment
CLUTTER_IM_MODULE = ibus
# environment
VSCODE_IPC_HOOK_EXTHOST = /run/user/25012/vscode-ipc-72305e3a-8792-43bd-b8a1-506368b6ec9a.sock
# environment
VSCODE_CWD = /home/imbergam
# environment
XDG_SESSION_PATH = /org/freedesktop/DisplayManager/Session0
# environment
KRB5CCNAME = FILE:/tmp/krb5cc_25012_3uoNkD
# default
MAKE_HOST := x86_64-pc-linux-gnu
# environment
PATH = /usr/local/insa/shared/opam/default/bin:/usr/local/insa/shared/opam/default/bin:/usr/local/insa/lustre-v4-XX-0-linux64/bin:/usr/local/insa/arm-ada/compilateur/gcc-arm-none-eabi/bin:/usr/local/insa/anaconda/bin:/usr/local/insa/bin:/usr/local/insa/sbin:/usr/local/sbin:/usr/local/bin:/usr/sbin:/usr/bin:/sbin:/bin:/usr/games:/usr/local/games:/usr/local/insa/tina/bin:/snap/bin
# environment
GPG_AGENT_INFO = /run/user/25012/gnupg/S.gpg-agent:0:1
# environment
SESSION_MANAGER = local/insa-20157:@/tmp/.ICE-unix/1340,unix/insa-20157:/tmp/.ICE-unix/1340
# environment
XDG_RUNTIME_DIR = /run/user/25012
# environment
UBUNTU_MENUPROXY = 1
# environment
VSCODE_LOG_STACK = false
# environment
ELECTRON_RUN_AS_NODE = 1
# default
.FEATURES := target-specific order-only second-expansion else-if shortest-stem undefine oneshell archives jobserver output-sync check-symlink load
# environment
XDG_GREETER_DATA_DIR = /var/lib/lightdm-data/imbergam
# environment
XDG_SESSION_DESKTOP = mate
# environment
SSH_AUTH_SOCK = /run/user/25012/keyring/ssh
# environment
GIO_LAUNCHED_DESKTOP_FILE_PID = 105647
# automatic
%F = $(notdir $%)
# environment
DISPLAY = :0
# environment
GTK_IM_MODULE = ibus
# environment
VSCODE_PIPE_LOGGING = true
# environment
PWD = /home/imbergam/Bureau/3A/Secu
# environment
QT_QPA_PLATFORMTHEME = gtk2
# default
.LOADED := 
# environment
XDG_SEAT = seat0
# environment
SSH_AGENT_PID = 1412
# environment
PKG_CONFIG_PATH = /usr/local/insa/shared/opam/default/lib/pkgconfig:/usr/local/insa/shared/opam/default/lib/pkgconfig:
# environment
ORIGINAL_XDG_CURRENT_DESKTOP = MATE
# environment
GTK_MODULES = appmenu-gtk-module:gail:atk-bridge:canberra-gtk-module:appmenu-gtk-module
# environment
MANPATH = /usr/local/man:/usr/local/share/man:/usr/share/man:/opt/man:/usr/X11R6/man:$LUSTRE_INSTALL/man:/usr/local/insa/shared/opam/default/man:/usr/local/insa/shared/opam/default/man
# environment
VSCODE_AMD_ENTRYPOINT = vs/workbench/api/node/extensionHostProcess
# environment
HOME = /home/imbergam
# environment
LD_LIBRARY_PATH = /usr/local/insa/lib:$LD_LIBRARY_PATH
# environment
VSCODE_CODE_CACHE_PATH = /home/imbergam/.config/Code/CachedData/da15b6fd3ef856477bf6f4fb29ba1b7af717770d
# environment
LOGNAME = imbergam
# environment
APPLICATION_INSIGHTS_NO_DIAGNOSTIC_CHANNEL = true
# environment
VSCODE_HANDLES_UNCAUGHT_ERRORS = true
# default
MAKE_VERSION := 4.2.1
# automatic
^D = $(patsubst %/,%,$(dir $^))
# environment
XDG_VTNR = 7
# environment
MAKELEVEL := 0
# default
MAKE = $(MAKE_COMMAND)
# default
MAKECMDGOALS := all
# environment
QT_IM_MODULE = ibus
# environment
SHLVL = 0
# environment
COMPIZ_CONFIG_PROFILE = mate
# environment
XDG_SESSION_ID = c2
# environment
USER = imbergam
# environment
CAML_LD_LIBRARY_PATH = /usr/local/insa/shared/opam/default/lib/stublibs:/usr/local/lib/ocaml/4.08.1/stublibs:/usr/lib/ocaml/stublibs
# makefile
.DEFAULT_GOAL := 
# environment
XDG_CURRENT_DESKTOP = MATE
# automatic
%D = $(patsubst %/,%,$(dir $%))
# environment
R_LIBS_USER = ~/R/libs
# default
MAKE_COMMAND := make
# default
.VARIABLES := 
# automatic
*F = $(notdir $*)
# environment
XDG_SEAT_PATH = /org/freedesktop/DisplayManager/Seat0
# environment
VSCODE_IPC_HOOK = /run/user/25012/vscode-26673dc3-1.67.1-main.sock
# makefile
MAKEFLAGS = pqrR
# environment
MFLAGS = -pqrR
# automatic
*D = $(patsubst %/,%,$(dir $*))
# environment
GRC_XTERM_EXECUTABLE = /usr/bin/xterm
# automatic
+D = $(patsubst %/,%,$(dir $+))
# environment
GDK_BACKEND = x11
# automatic
+F = $(notdir $+)
# environment
QT_ACCESSIBILITY = 1
# default
MAKEFILES := 
# automatic
<F = $(notdir $<)
# environment
GRC_BLOCKS_PATH = /usr/local/share/gnuradio/grc/blocks:/usr/share/gnuradio/grc/blocks:/usr/local/insa/share/gnuradio/grc/blocks
# environment
LC_ALL = C
# environment
LUSTRE_INSTALL = /usr/local/insa/lustre-v4-XX-0-linux64
# environment
QT4_IM_MODULE = ibus
# automatic
^F = $(notdir $^)
# default
SUFFIXES := 
# environment
CHROME_DESKTOP = code-url-handler.desktop
# environment
MATE_DESKTOP_SESSION_ID = this-is-deprecated
# default
.INCLUDE_DIRS = /usr/include /usr/local/include /usr/include
# default
.RECIPEPREFIX := 
# environment
LANG = C
# environment
VSCODE_PID = 105647
# variable set hash-table stats:
# Load=110/1024=11%, Rehash=0, Collisions=9/132=7%

# Pattern-specific Variable Values

# No pattern-specific variable values.

# Directories

# . (device 62, inode 2951780249): 10 files, no impossibilities.

# 10 files, no impossibilities in 1 directories.

# Implicit Rules

# No implicit rules.

# Files

# Not a target:
all:
#  Command line target.
#  Implicit rule search has been done.
#  File does not exist.
#  File has not been updated.

# Not a target:
Makefile:
#  Implicit rule search has been done.
#  File does not exist.
#  File has been updated.
#  Failed to be updated.

# Not a target:
makefile:
#  Implicit rule search has been done.
#  File does not exist.
#  File has been updated.
#  Failed to be updated.

# Not a target:
.DEFAULT:
#  Implicit rule search has not been done.
#  Modification time never checked.
#  File has not been updated.

# Not a target:
 
make: *** No rule to make target 'all'.  Stop.

GNUmakefile:
#  Implicit rule search has been done.
#  File does not exist.
#  File has been updated.
#  Failed to be updated.

# files hash-table stats:
# Load=6/1024=1%, Rehash=0, Collisions=0/15=0%
# VPATH Search Paths

# No 'vpath' search paths.

# No general ('VPATH' variable) search path.

# strcache buffers: 1 (0) / strings = 18 / storage = 210 B / avg = 11 B
# current buf: size = 8162 B / used = 210 B / count = 18 / avg = 11 B

# strcache performance: lookups = 21 / hit rate = 14%
# hash-table stats:
# Load=18/8192=0%, Rehash=0, Collisions=1/21=5%
# Finished Make data base on Fri May 13 15:17:07 2022

 
